<?xml version="1.0" encoding="UTF-8"?>
<testng-results skipped="0" failed="0" total="3" passed="3">
  <reporter-output>
  </reporter-output>
  <suite name="SuiteName" duration-ms="93261" started-at="2019-12-25T12:19:37Z" finished-at="2019-12-25T12:21:10Z">
    <groups>
    </groups>
    <test name="Home page Test" duration-ms="65970" started-at="2019-12-25T12:19:37Z" finished-at="2019-12-25T12:20:43Z">
      <class name="com.framework.pom.test.ValidateHomePageTest">
        <test-method status="PASS" signature="validateHomePage(java.util.Hashtable)[pri:0, instance:com.framework.pom.test.ValidateHomePageTest@c730b35]" name="validateHomePage" duration-ms="25500" started-at="2019-12-25T17:49:37Z" data-provider="getData" finished-at="2019-12-25T17:50:02Z">
          <params>
            <param index="0">
              <value>
                <![CDATA[{Runmode=Y, PageTitle=Selenium Easy - Best Demo website to practice Selenium Webdriver Online, Browser=Mozilla}]]>
              </value>
            </param>
          </params>
          <reporter-output>
          </reporter-output>
        </test-method> <!-- validateHomePage -->
        <test-method status="PASS" signature="quit()[pri:0, instance:com.framework.pom.test.ValidateHomePageTest@c730b35]" name="quit" is-config="true" duration-ms="7962" started-at="2019-12-25T17:50:02Z" finished-at="2019-12-25T17:50:10Z">
          <reporter-output>
          </reporter-output>
        </test-method> <!-- quit -->
        <test-method status="PASS" signature="validateHomePage(java.util.Hashtable)[pri:0, instance:com.framework.pom.test.ValidateHomePageTest@c730b35]" name="validateHomePage" duration-ms="31206" started-at="2019-12-25T17:50:10Z" data-provider="getData" finished-at="2019-12-25T17:50:42Z">
          <params>
            <param index="0">
              <value>
                <![CDATA[{Runmode=Y, PageTitle=Selenium Easy - Best Demo website to practice Selenium Webdriver Online, Browser=Chrome}]]>
              </value>
            </param>
          </params>
          <reporter-output>
          </reporter-output>
        </test-method> <!-- validateHomePage -->
        <test-method status="PASS" signature="quit()[pri:0, instance:com.framework.pom.test.ValidateHomePageTest@c730b35]" name="quit" is-config="true" duration-ms="1205" started-at="2019-12-25T17:50:42Z" finished-at="2019-12-25T17:50:43Z">
          <reporter-output>
          </reporter-output>
        </test-method> <!-- quit -->
      </class> <!-- com.framework.pom.test.ValidateHomePageTest -->
    </test> <!-- Home page Test -->
    <test name="Simple input form Test" duration-ms="27090" started-at="2019-12-25T12:20:43Z" finished-at="2019-12-25T12:21:10Z">
      <class name="com.framework.pom.test.SimpleInputFormTest">
        <test-method status="PASS" signature="SimpleInputForm(java.util.Hashtable)[pri:0, instance:com.framework.pom.test.SimpleInputFormTest@3bf7ca37]" name="SimpleInputForm" duration-ms="24138" started-at="2019-12-25T17:50:43Z" data-provider="getData" finished-at="2019-12-25T17:51:07Z">
          <params>
            <param index="0">
              <value>
                <![CDATA[{Num2=7, Num1=4, Runmode=Y, PageTitle=Selenium Easy - Best Demo website to practice Selenium Webdriver Online, Browser=Mozilla}]]>
              </value>
            </param>
          </params>
          <reporter-output>
          </reporter-output>
        </test-method> <!-- SimpleInputForm -->
        <test-method status="PASS" signature="quit()[pri:0, instance:com.framework.pom.test.SimpleInputFormTest@3bf7ca37]" name="quit" is-config="true" duration-ms="2932" started-at="2019-12-25T17:51:07Z" finished-at="2019-12-25T17:51:10Z">
          <reporter-output>
          </reporter-output>
        </test-method> <!-- quit -->
      </class> <!-- com.framework.pom.test.SimpleInputFormTest -->
    </test> <!-- Simple input form Test -->
  </suite> <!-- SuiteName -->
</testng-results>
